<?xml version="1.0" encoding="UTF-8"?>
<testsuite name="org.mafagafogigante.dungeon.achievements.AchievementTest" tests="3" skipped="0" failures="0" errors="0" timestamp="2017-09-15T21:14:28" hostname="DESKTOP-QSQGN0U" time="0.021">
  <properties/>
  <testcase name="testVisitedLocationsBasedAchievementsShouldWorkAsExpected" classname="org.mafagafogigante.dungeon.achievements.AchievementTest" time="0.005"/>
  <testcase name="testMaximumVisitsAchievementsShouldWorkAsExpected" classname="org.mafagafogigante.dungeon.achievements.AchievementTest" time="0.0"/>
  <testcase name="testBattleAchievementShouldBeFulfilled" classname="org.mafagafogigante.dungeon.achievements.AchievementTest" time="0.015"/>
  <system-out><![CDATA[]]></system-out>
  <system-err><![CDATA[]]></system-err>
</testsuite>
