<?xml version="1.0" encoding="UTF-8"?>
<testsuite name="org.mafagafogigante.dungeon.world.WeatherTest" tests="2" skipped="0" failures="0" errors="0" timestamp="2017-09-15T21:14:29" hostname="DESKTOP-QSQGN0U" time="0.026">
  <properties/>
  <testcase name="testWeatherConditionShouldChangeAtLeastOncePerMonth" classname="org.mafagafogigante.dungeon.world.WeatherTest" time="0.019"/>
  <testcase name="testWeatherShouldPresentAllConditionsOverTheCourseOfAYear" classname="org.mafagafogigante.dungeon.world.WeatherTest" time="0.006"/>
  <system-out><![CDATA[]]></system-out>
  <system-err><![CDATA[]]></system-err>
</testsuite>
