<?xml version="1.0" encoding="UTF-8"?>
<testsuite name="org.mafagafogigante.dungeon.achievements.AchievementStoreTest" tests="2" skipped="0" failures="0" errors="0" timestamp="2017-09-15T21:14:28" hostname="DESKTOP-QSQGN0U" time="0.001">
  <properties/>
  <testcase name="testAddAchievementShouldFailIfLocked" classname="org.mafagafogigante.dungeon.achievements.AchievementStoreTest" time="0.0"/>
  <testcase name="testAddAchievementShouldFailForRepeatedId" classname="org.mafagafogigante.dungeon.achievements.AchievementStoreTest" time="0.0"/>
  <system-out><![CDATA[]]></system-out>
  <system-err><![CDATA[]]></system-err>
</testsuite>
