<?xml version="1.0" encoding="UTF-8"?>
<testsuite name="org.mafagafogigante.dungeon.io.SplitTest" tests="4" skipped="0" failures="0" errors="0" timestamp="2017-09-15T21:14:29" hostname="DESKTOP-QSQGN0U" time="0.002">
  <properties/>
  <testcase name="splitOnOnWithEmptyListShouldProduceTwoEmptyLists" classname="org.mafagafogigante.dungeon.io.SplitTest" time="0.001"/>
  <testcase name="splitOnOnWithOnOnListShouldProduceEmptyBeforeAndOnOnAfter" classname="org.mafagafogigante.dungeon.io.SplitTest" time="0.0"/>
  <testcase name="splitOnOnWithOnListShouldProduceTwoEmptyLists" classname="org.mafagafogigante.dungeon.io.SplitTest" time="0.0"/>
  <testcase name="splitOnOnWithThreeWordsSeparatedByOnShouldSplitOnOn" classname="org.mafagafogigante.dungeon.io.SplitTest" time="0.0"/>
  <system-out><![CDATA[]]></system-out>
  <system-err><![CDATA[]]></system-err>
</testsuite>
