<?xml version="1.0" encoding="UTF-8"?>
<testsuite name="org.mafagafogigante.dungeon.gui.SwappingStyledDocumentTest" tests="2" skipped="0" failures="0" errors="0" timestamp="2017-09-15T21:14:28" hostname="DESKTOP-QSQGN0U" time="0.111">
  <properties/>
  <testcase name="testWriteShouldSwapBetweenTwoDocuments" classname="org.mafagafogigante.dungeon.gui.SwappingStyledDocumentTest" time="0.105"/>
  <testcase name="testClearShouldEraseEverythingInTheTextPane" classname="org.mafagafogigante.dungeon.gui.SwappingStyledDocumentTest" time="0.005"/>
  <system-out><![CDATA[]]></system-out>
  <system-err><![CDATA[]]></system-err>
</testsuite>
