<?xml version="1.0" encoding="UTF-8"?>
<testsuite name="org.mafagafogigante.dungeon.entity.creatures.CorpseItemPresetFactoryTest" tests="4" skipped="0" failures="0" errors="0" timestamp="2017-09-15T21:14:28" hostname="DESKTOP-QSQGN0U" time="0.012">
  <properties/>
  <testcase name="testCorpseItemPresetFactoryShouldProduceValidCorpsePresets" classname="org.mafagafogigante.dungeon.entity.creatures.CorpseItemPresetFactoryTest" time="0.007"/>
  <testcase name="testCorpseItemPresetFactoryShouldProduceValidCorpsePresetsForExtremeCases" classname="org.mafagafogigante.dungeon.entity.creatures.CorpseItemPresetFactoryTest" time="0.001"/>
  <testcase name="testCorpseItemPresetFactoryShouldProduceCorpsesForCreaturePresetsWithTheCorpseTag" classname="org.mafagafogigante.dungeon.entity.creatures.CorpseItemPresetFactoryTest" time="0.001"/>
  <testcase name="testCorpseItemPresetFactoryShouldNotProduceCorpsesForCreaturePresetsWithoutTheCorpseTag" classname="org.mafagafogigante.dungeon.entity.creatures.CorpseItemPresetFactoryTest" time="0.002"/>
  <system-out><![CDATA[]]></system-out>
  <system-err><![CDATA[]]></system-err>
</testsuite>
