<?xml version="1.0" encoding="UTF-8"?>
<testsuite name="org.mafagafogigante.dungeon.schema.rules.ArraySizeJsonRuleTest" tests="3" skipped="0" failures="0" errors="0" timestamp="2017-09-15T21:14:29" hostname="DESKTOP-QSQGN0U" time="0.005">
  <properties/>
  <testcase name="arrayJsonSizeRuleShouldPassValidArraySize" classname="org.mafagafogigante.dungeon.schema.rules.ArraySizeJsonRuleTest" time="0.0"/>
  <testcase name="arrayJsonSizeRuleShouldFailInvalidArraySize" classname="org.mafagafogigante.dungeon.schema.rules.ArraySizeJsonRuleTest" time="0.004"/>
  <testcase name="arrayJsonSizeRuleShouldFailNonArrayType" classname="org.mafagafogigante.dungeon.schema.rules.ArraySizeJsonRuleTest" time="0.0"/>
  <system-out><![CDATA[]]></system-out>
  <system-err><![CDATA[]]></system-err>
</testsuite>
