<?xml version="1.0" encoding="UTF-8"?>
<testsuite name="org.mafagafogigante.dungeon.game.PartOfDayTest" tests="2" skipped="0" failures="0" errors="0" timestamp="2017-09-15T21:14:28" hostname="DESKTOP-QSQGN0U" time="0.0">
  <properties/>
  <testcase name="testGetSecondsToNext" classname="org.mafagafogigante.dungeon.game.PartOfDayTest" time="0.0"/>
  <testcase name="testGetCorrespondingConstant" classname="org.mafagafogigante.dungeon.game.PartOfDayTest" time="0.0"/>
  <system-out><![CDATA[]]></system-out>
  <system-err><![CDATA[]]></system-err>
</testsuite>
