<?xml version="1.0" encoding="UTF-8"?>
<testsuite name="org.mafagafogigante.dungeon.schema.rules.BoundIntegerJsonRuleTest" tests="3" skipped="0" failures="0" errors="0" timestamp="2017-09-15T21:14:29" hostname="DESKTOP-QSQGN0U" time="0.001">
  <properties/>
  <testcase name="boundIntegerJsonRuleShouldFailWhenValueOutOfUpperBound" classname="org.mafagafogigante.dungeon.schema.rules.BoundIntegerJsonRuleTest" time="0.001"/>
  <testcase name="boundIntegerJsonRuleShouldPassWhenValueInBound" classname="org.mafagafogigante.dungeon.schema.rules.BoundIntegerJsonRuleTest" time="0.0"/>
  <testcase name="boundIntegerJsonRuleShouldFailWhenValueOutOfLowerBound" classname="org.mafagafogigante.dungeon.schema.rules.BoundIntegerJsonRuleTest" time="0.0"/>
  <system-out><![CDATA[]]></system-out>
  <system-err><![CDATA[]]></system-err>
</testsuite>
