<?xml version="1.0" encoding="UTF-8"?>
<testsuite name="org.mafagafogigante.dungeon.entity.IntegrityTest" tests="6" skipped="0" failures="0" errors="0" timestamp="2017-09-15T21:14:28" hostname="DESKTOP-QSQGN0U" time="0.001">
  <properties/>
  <testcase name="incrementByShouldWorkWithNegativeValues" classname="org.mafagafogigante.dungeon.entity.IntegrityTest" time="0.0"/>
  <testcase name="incrementByShouldWorkWithPositiveValues" classname="org.mafagafogigante.dungeon.entity.IntegrityTest" time="0.0"/>
  <testcase name="testIsMaximum" classname="org.mafagafogigante.dungeon.entity.IntegrityTest" time="0.0"/>
  <testcase name="decrementByShouldWorkWithNegativeValues" classname="org.mafagafogigante.dungeon.entity.IntegrityTest" time="0.0"/>
  <testcase name="testIsZero" classname="org.mafagafogigante.dungeon.entity.IntegrityTest" time="0.001"/>
  <testcase name="decrementByShouldWorkWithPositiveValues" classname="org.mafagafogigante.dungeon.entity.IntegrityTest" time="0.0"/>
  <system-out><![CDATA[]]></system-out>
  <system-err><![CDATA[]]></system-err>
</testsuite>
