<?xml version="1.0" encoding="UTF-8"?>
<testsuite name="org.mafagafogigante.dungeon.entity.WeightTest" tests="4" skipped="0" failures="0" errors="0" timestamp="2017-09-15T21:14:28" hostname="DESKTOP-QSQGN0U" time="0.002">
  <properties/>
  <testcase name="addingZeroShouldNotModifyWeights" classname="org.mafagafogigante.dungeon.entity.WeightTest" time="0.0"/>
  <testcase name="newInstanceShouldWorkForNonnegativeValues" classname="org.mafagafogigante.dungeon.entity.WeightTest" time="0.0"/>
  <testcase name="addingShouldWorkAsExpected" classname="org.mafagafogigante.dungeon.entity.WeightTest" time="0.0"/>
  <testcase name="multiplyingShouldWorkAsExpected" classname="org.mafagafogigante.dungeon.entity.WeightTest" time="0.001"/>
  <system-out><![CDATA[]]></system-out>
  <system-err><![CDATA[]]></system-err>
</testsuite>
