<?xml version="1.0" encoding="UTF-8"?>
<testsuite name="org.mafagafogigante.dungeon.commands.CommandSetTest" tests="3" skipped="0" failures="0" errors="0" timestamp="2017-09-15T21:14:28" hostname="DESKTOP-QSQGN0U" time="0.004">
  <properties/>
  <testcase name="shouldBeAbleToRetrieveAnAddedCommand" classname="org.mafagafogigante.dungeon.commands.CommandSetTest" time="0.003"/>
  <testcase name="shouldNotGetNullWhenRetrievingTheCommandsCommand" classname="org.mafagafogigante.dungeon.commands.CommandSetTest" time="0.0"/>
  <testcase name="shouldGetNullWhenRetrievingANonexistentCommand" classname="org.mafagafogigante.dungeon.commands.CommandSetTest" time="0.0"/>
  <system-out><![CDATA[]]></system-out>
  <system-err><![CDATA[]]></system-err>
</testsuite>
