<?xml version="1.0" encoding="UTF-8"?>
<testsuite name="org.mafagafogigante.dungeon.util.PercentageTest" tests="5" skipped="0" failures="0" errors="0" timestamp="2017-09-15T21:14:29" hostname="DESKTOP-QSQGN0U" time="0.002">
  <properties/>
  <testcase name="testIsValidPercentageString" classname="org.mafagafogigante.dungeon.util.PercentageTest" time="0.0"/>
  <testcase name="testToString" classname="org.mafagafogigante.dungeon.util.PercentageTest" time="0.001"/>
  <testcase name="testCompareTo" classname="org.mafagafogigante.dungeon.util.PercentageTest" time="0.0"/>
  <testcase name="testBiggerThanOrEqualTo" classname="org.mafagafogigante.dungeon.util.PercentageTest" time="0.0"/>
  <testcase name="testFromString" classname="org.mafagafogigante.dungeon.util.PercentageTest" time="0.001"/>
  <system-out><![CDATA[]]></system-out>
  <system-err><![CDATA[]]></system-err>
</testsuite>
