<?xml version="1.0" encoding="UTF-8"?>
<testsuite name="org.mafagafogigante.dungeon.commands.StringDistanceMetricsTest" tests="2" skipped="0" failures="0" errors="0" timestamp="2017-09-15T21:14:28" hostname="DESKTOP-QSQGN0U" time="0.066">
  <properties/>
  <testcase name="levenshteinDistanceShouldNotRunOutOfMemory" classname="org.mafagafogigante.dungeon.commands.StringDistanceMetricsTest" time="0.065"/>
  <testcase name="levenshteinDistanceShouldWorkForSmallInputs" classname="org.mafagafogigante.dungeon.commands.StringDistanceMetricsTest" time="0.0"/>
  <system-out><![CDATA[]]></system-out>
  <system-err><![CDATA[]]></system-err>
</testsuite>
