<?xml version="1.0" encoding="UTF-8"?>
<testsuite name="org.mafagafogigante.dungeon.world.WeatherConditionVisibilityCriterionTest" tests="7" skipped="0" failures="0" errors="0" timestamp="2017-09-15T21:14:29" hostname="DESKTOP-QSQGN0U" time="0.016">
  <properties/>
  <testcase name="testWeatherConditionVisibilityCriterionIsMetAtMaximum" classname="org.mafagafogigante.dungeon.world.WeatherConditionVisibilityCriterionTest" time="0.004"/>
  <testcase name="testWeatherConditionVisibilityCriterionIsMetAtMinimum" classname="org.mafagafogigante.dungeon.world.WeatherConditionVisibilityCriterionTest" time="0.004"/>
  <testcase name="testWeatherConditionVisibilityCriterionConstructorDoesNotAllowForMinimumHeavierThanMaximum" classname="org.mafagafogigante.dungeon.world.WeatherConditionVisibilityCriterionTest" time="0.001"/>
  <testcase name="testWeatherConditionVisibilityCriterionIsUnmetAboveMaximum" classname="org.mafagafogigante.dungeon.world.WeatherConditionVisibilityCriterionTest" time="0.002"/>
  <testcase name="testWeatherConditionVisibilityCriterionConstructorAllowsForMinimumEqualToMaximum" classname="org.mafagafogigante.dungeon.world.WeatherConditionVisibilityCriterionTest" time="0.0"/>
  <testcase name="testWeatherConditionVisibilityCriterionIsMetInBetweenMinimumAndMaximum" classname="org.mafagafogigante.dungeon.world.WeatherConditionVisibilityCriterionTest" time="0.001"/>
  <testcase name="testWeatherConditionVisibilityCriterionIsUnmetBelowMinimum" classname="org.mafagafogigante.dungeon.world.WeatherConditionVisibilityCriterionTest" time="0.002"/>
  <system-out><![CDATA[]]></system-out>
  <system-err><![CDATA[]]></system-err>
</testsuite>
