<?xml version="1.0" encoding="UTF-8"?>
<testsuite name="org.mafagafogigante.dungeon.game.DirectionTest" tests="2" skipped="0" failures="0" errors="0" timestamp="2017-11-12T03:03:29" hostname="DESKTOP-QSQGN0U" time="0.005">
  <properties/>
  <testcase name="checkInvert" classname="org.mafagafogigante.dungeon.game.DirectionTest" time="0.004"/>
  <testcase name="checkDirections" classname="org.mafagafogigante.dungeon.game.DirectionTest" time="0.001"/>
  <system-out><![CDATA[]]></system-out>
  <system-err><![CDATA[]]></system-err>
</testsuite>
