<?xml version="1.0" encoding="UTF-8"?>
<testsuite name="org.mafagafogigante.dungeon.game.ExpandableIntegerSetTest" tests="3" skipped="0" failures="0" errors="0" timestamp="2017-09-15T21:14:28" hostname="DESKTOP-QSQGN0U" time="0.002">
  <properties/>
  <testcase name="testConstructorThrowsIllegalArgumentExceptionOnMaximumDifferenceNotBiggerThanMinimumDifference" classname="org.mafagafogigante.dungeon.game.ExpandableIntegerSetTest" time="0.001"/>
  <testcase name="testConstructorThrowsIllegalArgumentExceptionIfMinimumDifferenceIsNegative" classname="org.mafagafogigante.dungeon.game.ExpandableIntegerSetTest" time="0.0"/>
  <testcase name="testConstructorThrowsIllegalArgumentExceptionIfMinimumDifferenceIsZero" classname="org.mafagafogigante.dungeon.game.ExpandableIntegerSetTest" time="0.0"/>
  <system-out><![CDATA[]]></system-out>
  <system-err><![CDATA[]]></system-err>
</testsuite>
