<?xml version="1.0" encoding="UTF-8"?>
<testsuite name="org.mafagafogigante.dungeon.util.CircularListTest" tests="5" skipped="0" failures="0" errors="0" timestamp="2017-09-15T21:14:29" hostname="DESKTOP-QSQGN0U" time="0.002">
  <properties/>
  <testcase name="testAdd" classname="org.mafagafogigante.dungeon.util.CircularListTest" time="0.001"/>
  <testcase name="testGet" classname="org.mafagafogigante.dungeon.util.CircularListTest" time="0.0"/>
  <testcase name="testSize" classname="org.mafagafogigante.dungeon.util.CircularListTest" time="0.0"/>
  <testcase name="testIsFull" classname="org.mafagafogigante.dungeon.util.CircularListTest" time="0.0"/>
  <testcase name="testIsEmpty" classname="org.mafagafogigante.dungeon.util.CircularListTest" time="0.0"/>
  <system-out><![CDATA[]]></system-out>
  <system-err><![CDATA[]]></system-err>
</testsuite>
