<?xml version="1.0" encoding="UTF-8"?>
<testsuite name="org.mafagafogigante.dungeon.entity.creatures.DateOfBirthGeneratorTest" tests="1" skipped="0" failures="0" errors="0" timestamp="2017-09-15T21:14:28" hostname="DESKTOP-QSQGN0U" time="0.007">
  <properties/>
  <testcase name="generateDateOfBirthShouldGenerateValidDates" classname="org.mafagafogigante.dungeon.entity.creatures.DateOfBirthGeneratorTest" time="0.007"/>
  <system-out><![CDATA[]]></system-out>
  <system-err><![CDATA[]]></system-err>
</testsuite>
