<?xml version="1.0" encoding="UTF-8"?>
<testsuite name="org.mafagafogigante.dungeon.schema.rules.PeriodJsonRuleTest" tests="4" skipped="0" failures="0" errors="0" timestamp="2017-09-15T21:14:29" hostname="DESKTOP-QSQGN0U" time="0.001">
  <properties/>
  <testcase name="percentageJsonRuleShouldPassOnValidMonthPeriod" classname="org.mafagafogigante.dungeon.schema.rules.PeriodJsonRuleTest" time="0.0"/>
  <testcase name="percentageJsonRuleShouldPassOnValidDaysPeriod" classname="org.mafagafogigante.dungeon.schema.rules.PeriodJsonRuleTest" time="0.0"/>
  <testcase name="periodJsonRuleShouldFailOnInvalidPeriodFormat" classname="org.mafagafogigante.dungeon.schema.rules.PeriodJsonRuleTest" time="0.0"/>
  <testcase name="percentageJsonRuleShouldPassOnValidYearPeriod" classname="org.mafagafogigante.dungeon.schema.rules.PeriodJsonRuleTest" time="0.0"/>
  <system-out><![CDATA[]]></system-out>
  <system-err><![CDATA[]]></system-err>
</testsuite>
