<?xml version="1.0" encoding="UTF-8"?>
<testsuite name="org.mafagafogigante.dungeon.world.WeatherConditionTest" tests="6" skipped="0" failures="0" errors="0" timestamp="2017-09-15T21:14:29" hostname="DESKTOP-QSQGN0U" time="0.001">
  <properties/>
  <testcase name="testGetHeavierReturnsTheHeaviestWeatherWhenCalledOnTheHeaviestWeather" classname="org.mafagafogigante.dungeon.world.WeatherConditionTest" time="0.0"/>
  <testcase name="testGetLighterReturnsTheNextLighterWeather" classname="org.mafagafogigante.dungeon.world.WeatherConditionTest" time="0.0"/>
  <testcase name="testGetHeavierReturnsTheNextHeavierWeather" classname="org.mafagafogigante.dungeon.world.WeatherConditionTest" time="0.0"/>
  <testcase name="testIsLighterThanWorksAsIntended" classname="org.mafagafogigante.dungeon.world.WeatherConditionTest" time="0.0"/>
  <testcase name="testGetLighterReturnsTheLighestWeatherWhenCalledOnTheLightestWeather" classname="org.mafagafogigante.dungeon.world.WeatherConditionTest" time="0.0"/>
  <testcase name="testIsHeavierThanWorksAsIntended" classname="org.mafagafogigante.dungeon.world.WeatherConditionTest" time="0.0"/>
  <system-out><![CDATA[]]></system-out>
  <system-err><![CDATA[]]></system-err>
</testsuite>
