<?xml version="1.0" encoding="UTF-8"?>
<testsuite name="org.mafagafogigante.dungeon.schema.rules.VariableArrayJsonRuleTest" tests="8" skipped="0" failures="0" errors="0" timestamp="2017-09-15T21:14:29" hostname="DESKTOP-QSQGN0U" time="0.001">
  <properties/>
  <testcase name="variableArrayJsonRuleShouldFailOnInvalidSecondElement" classname="org.mafagafogigante.dungeon.schema.rules.VariableArrayJsonRuleTest" time="0.0"/>
  <testcase name="variableArrayJsonRuleShouldPassOnMultipleElementArray" classname="org.mafagafogigante.dungeon.schema.rules.VariableArrayJsonRuleTest" time="0.0"/>
  <testcase name="variableArrayJsonRuleShouldFailOnInvalidFirstElement" classname="org.mafagafogigante.dungeon.schema.rules.VariableArrayJsonRuleTest" time="0.0"/>
  <testcase name="variableArrayJsonRuleShouldFailOnInvalidElements" classname="org.mafagafogigante.dungeon.schema.rules.VariableArrayJsonRuleTest" time="0.0"/>
  <testcase name="variableArrayJsonRuleShouldPassOnEmptyArray" classname="org.mafagafogigante.dungeon.schema.rules.VariableArrayJsonRuleTest" time="0.001"/>
  <testcase name="variableArrayJsonRuleShouldFailOnInvalidSingleElementArray" classname="org.mafagafogigante.dungeon.schema.rules.VariableArrayJsonRuleTest" time="0.0"/>
  <testcase name="variableArrayJsonRuleShouldFailOnNonArrayType" classname="org.mafagafogigante.dungeon.schema.rules.VariableArrayJsonRuleTest" time="0.0"/>
  <testcase name="variableArrayJsonRuleShouldPassOnSingleElementArray" classname="org.mafagafogigante.dungeon.schema.rules.VariableArrayJsonRuleTest" time="0.0"/>
  <system-out><![CDATA[]]></system-out>
  <system-err><![CDATA[]]></system-err>
</testsuite>
