<?xml version="1.0" encoding="UTF-8"?>
<testsuite name="org.mafagafogigante.dungeon.util.MatchesTest" tests="4" skipped="0" failures="0" errors="0" timestamp="2017-09-15T21:14:29" hostname="DESKTOP-QSQGN0U" time="0.003">
  <properties/>
  <testcase name="toListShouldOutputAllElements" classname="org.mafagafogigante.dungeon.util.MatchesTest" time="0.002"/>
  <testcase name="getDifferentNamesShouldReturnTheRightCount" classname="org.mafagafogigante.dungeon.util.MatchesTest" time="0.0"/>
  <testcase name="sizeShouldBeTheSameAsTheCollectionSize" classname="org.mafagafogigante.dungeon.util.MatchesTest" time="0.0"/>
  <testcase name="fromCollectionShouldPreserveAllElements" classname="org.mafagafogigante.dungeon.util.MatchesTest" time="0.0"/>
  <system-out><![CDATA[]]></system-out>
  <system-err><![CDATA[]]></system-err>
</testsuite>
