<?xml version="1.0" encoding="UTF-8"?>
<testsuite name="org.mafagafogigante.dungeon.util.DungeonMathTest" tests="4" skipped="0" failures="0" errors="0" timestamp="2017-09-15T21:14:29" hostname="DESKTOP-QSQGN0U" time="0.001">
  <properties/>
  <testcase name="weightedAverageShouldWorkAsExpected" classname="org.mafagafogigante.dungeon.util.DungeonMathTest" time="0.0"/>
  <testcase name="safeCastLongToIntegerShouldThrowExceptionOnOverflow" classname="org.mafagafogigante.dungeon.util.DungeonMathTest" time="0.0"/>
  <testcase name="safeCastLongToIntegerShouldThrowExceptionOnUnderflow" classname="org.mafagafogigante.dungeon.util.DungeonMathTest" time="0.0"/>
  <testcase name="safeCastLongToIntegerShouldNotChangeValue" classname="org.mafagafogigante.dungeon.util.DungeonMathTest" time="0.0"/>
  <system-out><![CDATA[]]></system-out>
  <system-err><![CDATA[]]></system-err>
</testsuite>
