<?xml version="1.0" encoding="UTF-8"?>
<testsuite name="org.mafagafogigante.dungeon.schema.rules.PercentageJsonRuleTest" tests="4" skipped="0" failures="0" errors="0" timestamp="2017-09-15T21:14:29" hostname="DESKTOP-QSQGN0U" time="0.001">
  <properties/>
  <testcase name="percentageJsonRuleShouldPassOnValidFormatAndRange" classname="org.mafagafogigante.dungeon.schema.rules.PercentageJsonRuleTest" time="0.0"/>
  <testcase name="percentageJsonRuleShouldFailOnValueAboveValidRange" classname="org.mafagafogigante.dungeon.schema.rules.PercentageJsonRuleTest" time="0.0"/>
  <testcase name="percentageJsonRuleShouldFailOnInvalidPercentageFormat" classname="org.mafagafogigante.dungeon.schema.rules.PercentageJsonRuleTest" time="0.001"/>
  <testcase name="percentageJsonRuleShouldFailOnValueBelowValidRange" classname="org.mafagafogigante.dungeon.schema.rules.PercentageJsonRuleTest" time="0.0"/>
  <system-out><![CDATA[]]></system-out>
  <system-err><![CDATA[]]></system-err>
</testsuite>
