<?xml version="1.0" encoding="UTF-8"?>
<testsuite name="org.mafagafogigante.dungeon.entity.items.UniquenessRestrictionsTest" tests="4" skipped="0" failures="0" errors="0" timestamp="2017-09-15T21:14:28" hostname="DESKTOP-QSQGN0U" time="0.001">
  <properties/>
  <testcase name="testUniquenessRestrictionsShouldNotBanUniqueItemsBeforeTheyHaveBeenCreated" classname="org.mafagafogigante.dungeon.entity.items.UniquenessRestrictionsTest" time="0.001"/>
  <testcase name="testUniquenessRestrictionsShouldThrowExceptionWhenRegisteringBannedItems" classname="org.mafagafogigante.dungeon.entity.items.UniquenessRestrictionsTest" time="0.0"/>
  <testcase name="testUniquenessRestrictionsShouldNeverBanNonUniqueItems" classname="org.mafagafogigante.dungeon.entity.items.UniquenessRestrictionsTest" time="0.0"/>
  <testcase name="testUniquenessRestrictionsShouldBanUniqueItemsAfterTheyHaveBeenCreated" classname="org.mafagafogigante.dungeon.entity.items.UniquenessRestrictionsTest" time="0.0"/>
  <system-out><![CDATA[]]></system-out>
  <system-err><![CDATA[]]></system-err>
</testsuite>
