<?xml version="1.0" encoding="UTF-8"?>
<testsuite name="org.mafagafogigante.dungeon.schema.rules.ObjectJsonRuleTest" tests="3" skipped="0" failures="0" errors="0" timestamp="2017-09-15T21:14:29" hostname="DESKTOP-QSQGN0U" time="0.0">
  <properties/>
  <testcase name="shouldPassObjectWithValidAttributes" classname="org.mafagafogigante.dungeon.schema.rules.ObjectJsonRuleTest" time="0.0"/>
  <testcase name="shouldFailOnObjectWithInvalidAttributes" classname="org.mafagafogigante.dungeon.schema.rules.ObjectJsonRuleTest" time="0.0"/>
  <testcase name="shouldFailOnNonObjectValue" classname="org.mafagafogigante.dungeon.schema.rules.ObjectJsonRuleTest" time="0.0"/>
  <system-out><![CDATA[]]></system-out>
  <system-err><![CDATA[]]></system-err>
</testsuite>
