<?xml version="1.0" encoding="UTF-8"?>
<testsuite name="org.mafagafogigante.dungeon.schema.rules.FixedArrayJsonRuleTest" tests="12" skipped="0" failures="0" errors="0" timestamp="2017-09-15T21:14:29" hostname="DESKTOP-QSQGN0U" time="0.002">
  <properties/>
  <testcase name="fixedIntegerArrayRuleShouldFailOnInvalidArray" classname="org.mafagafogigante.dungeon.schema.rules.FixedArrayJsonRuleTest" time="0.0"/>
  <testcase name="fixedEmptyArrayRuleShouldPassOnValidArray" classname="org.mafagafogigante.dungeon.schema.rules.FixedArrayJsonRuleTest" time="0.0"/>
  <testcase name="fixedStringIntegerArrayRuleShouldFailOnNonArrayType" classname="org.mafagafogigante.dungeon.schema.rules.FixedArrayJsonRuleTest" time="0.0"/>
  <testcase name="fixedStringIntegerArrayRuleShouldFailOnInvalidArray" classname="org.mafagafogigante.dungeon.schema.rules.FixedArrayJsonRuleTest" time="0.0"/>
  <testcase name="fixedIntegerArrayRuleShouldPassOnValidArray" classname="org.mafagafogigante.dungeon.schema.rules.FixedArrayJsonRuleTest" time="0.0"/>
  <testcase name="fixedEmptyArrayRuleShouldFailOnNonArrayType" classname="org.mafagafogigante.dungeon.schema.rules.FixedArrayJsonRuleTest" time="0.0"/>
  <testcase name="fixedStringArrayRuleShouldFailOnNonArrayType" classname="org.mafagafogigante.dungeon.schema.rules.FixedArrayJsonRuleTest" time="0.0"/>
  <testcase name="fixedStringArrayRuleShouldPassOnValidArray" classname="org.mafagafogigante.dungeon.schema.rules.FixedArrayJsonRuleTest" time="0.0"/>
  <testcase name="fixedEmptyArrayRuleShouldFailOnInvalidArray" classname="org.mafagafogigante.dungeon.schema.rules.FixedArrayJsonRuleTest" time="0.001"/>
  <testcase name="fixedStringArrayRuleShouldFailOnInvalidArray" classname="org.mafagafogigante.dungeon.schema.rules.FixedArrayJsonRuleTest" time="0.0"/>
  <testcase name="fixedStringIntegerArrayRuleShouldPassOnValidArray" classname="org.mafagafogigante.dungeon.schema.rules.FixedArrayJsonRuleTest" time="0.0"/>
  <testcase name="fixedIntegerArrayRuleShouldFailOnNonArrayType" classname="org.mafagafogigante.dungeon.schema.rules.FixedArrayJsonRuleTest" time="0.0"/>
  <system-out><![CDATA[]]></system-out>
  <system-err><![CDATA[]]></system-err>
</testsuite>
