<?xml version="1.0" encoding="UTF-8"?>
<testsuite name="org.mafagafogigante.dungeon.util.TableTest" tests="5" skipped="0" failures="0" errors="0" timestamp="2017-09-15T21:14:29" hostname="DESKTOP-QSQGN0U" time="0.002">
  <properties/>
  <testcase name="constructorShouldThrowAnExceptionIfThereAreNoArguments" classname="org.mafagafogigante.dungeon.util.TableTest" time="0.0"/>
  <testcase name="insertRowShouldThrowAnExceptionWithTooManyArguments" classname="org.mafagafogigante.dungeon.util.TableTest" time="0.001"/>
  <testcase name="constructorShouldThrowAnExceptionIfThereAreTooManyArguments" classname="org.mafagafogigante.dungeon.util.TableTest" time="0.001"/>
  <testcase name="insertRowShouldWorkWithTheCorrectAmountOfArguments" classname="org.mafagafogigante.dungeon.util.TableTest" time="0.0"/>
  <testcase name="insertRowShouldThrowAnExceptionWithTooFewArguments" classname="org.mafagafogigante.dungeon.util.TableTest" time="0.0"/>
  <system-out><![CDATA[]]></system-out>
  <system-err><![CDATA[]]></system-err>
</testsuite>
