<?xml version="1.0" encoding="UTF-8"?>
<testsuite name="org.mafagafogigante.dungeon.achievements.AchievementStoreFactoryTest" tests="2" skipped="0" failures="0" errors="0" timestamp="2017-09-15T21:14:28" hostname="DESKTOP-QSQGN0U" time="0.074">
  <properties/>
  <testcase name="testMakeAchievementStoreShouldReturnLockedStore" classname="org.mafagafogigante.dungeon.achievements.AchievementStoreFactoryTest" time="0.006"/>
  <testcase name="testDefaultStoreShouldBeLocked" classname="org.mafagafogigante.dungeon.achievements.AchievementStoreFactoryTest" time="0.067"/>
  <system-out><![CDATA[]]></system-out>
  <system-err><![CDATA[]]></system-err>
</testsuite>
