<?xml version="1.0" encoding="UTF-8"?>
<testsuite name="org.mafagafogigante.dungeon.stats.HeroStatisticsTest" tests="1" skipped="0" failures="0" errors="0" timestamp="2017-09-15T21:14:29" hostname="DESKTOP-QSQGN0U" time="0.004">
  <properties/>
  <testcase name="shouldIncrementStatisticValues" classname="org.mafagafogigante.dungeon.stats.HeroStatisticsTest" time="0.004"/>
  <system-out><![CDATA[]]></system-out>
  <system-err><![CDATA[]]></system-err>
</testsuite>
