<?xml version="1.0" encoding="UTF-8"?>
<testsuite name="org.mafagafogigante.dungeon.game.LocationPresetStoreTest" tests="3" skipped="0" failures="0" errors="0" timestamp="2017-09-15T21:14:28" hostname="DESKTOP-QSQGN0U" time="0.01">
  <properties/>
  <testcase name="testGetDefaultLocationPresetStoreShouldWork" classname="org.mafagafogigante.dungeon.game.LocationPresetStoreTest" time="0.009"/>
  <testcase name="testAddLocationPresetShouldWorkWithDifferentIds" classname="org.mafagafogigante.dungeon.game.LocationPresetStoreTest" time="0.0"/>
  <testcase name="testAddLocationPresetShouldFailForRepeatedIds" classname="org.mafagafogigante.dungeon.game.LocationPresetStoreTest" time="0.0"/>
  <system-out><![CDATA[]]></system-out>
  <system-err><![CDATA[]]></system-err>
</testsuite>
