<?xml version="1.0" encoding="UTF-8"?>
<testsuite name="org.mafagafogigante.dungeon.achievements.AchievementTrackerTest" tests="4" skipped="0" failures="0" errors="0" timestamp="2017-09-15T21:14:28" hostname="DESKTOP-QSQGN0U" time="0.023">
  <properties/>
  <testcase name="testHasNotBeenUnlocked" classname="org.mafagafogigante.dungeon.achievements.AchievementTrackerTest" time="0.019"/>
  <testcase name="testGetUnlockedCountShouldReturnZeroInNewAchievementTracker" classname="org.mafagafogigante.dungeon.achievements.AchievementTrackerTest" time="0.0"/>
  <testcase name="testGetUnlockedCountShouldBeUpdatedAsExpected" classname="org.mafagafogigante.dungeon.achievements.AchievementTrackerTest" time="0.001"/>
  <testcase name="testGetUnlockedAchievementsReturnsTheExpectedUnlockedAchievements" classname="org.mafagafogigante.dungeon.achievements.AchievementTrackerTest" time="0.003"/>
  <system-out><![CDATA[]]></system-out>
  <system-err><![CDATA[]]></system-err>
</testsuite>
