<?xml version="1.0" encoding="UTF-8"?>
<testsuite name="org.mafagafogigante.dungeon.world.SimpleAstronomicalBodyTest" tests="5" skipped="0" failures="0" errors="0" timestamp="2017-09-15T21:14:29" hostname="DESKTOP-QSQGN0U" time="0.015">
  <properties/>
  <testcase name="testIsVisibleShouldReturnTrueWhenThereAreNoVisibilityCriteria" classname="org.mafagafogigante.dungeon.world.SimpleAstronomicalBodyTest" time="0.012"/>
  <testcase name="testIsVisibleShouldReturnFalseWhenThereIsASingleUnmetCriterion" classname="org.mafagafogigante.dungeon.world.SimpleAstronomicalBodyTest" time="0.001"/>
  <testcase name="testIsVisibleShouldReturnFalseWhenThereIsAtLeastOneUnmetCriterion" classname="org.mafagafogigante.dungeon.world.SimpleAstronomicalBodyTest" time="0.0"/>
  <testcase name="testIsVisibleShouldReturnTrueWhenAllCriteriaAreMet" classname="org.mafagafogigante.dungeon.world.SimpleAstronomicalBodyTest" time="0.0"/>
  <testcase name="testIsVisibleShouldReturnTrueWhenThereIsASingleMetCriterion" classname="org.mafagafogigante.dungeon.world.SimpleAstronomicalBodyTest" time="0.0"/>
  <system-out><![CDATA[]]></system-out>
  <system-err><![CDATA[]]></system-err>
</testsuite>
