<?xml version="1.0" encoding="UTF-8"?>
<testsuite name="sudoku.BoxCheckerTest" tests="2" skipped="0" failures="0" errors="0" timestamp="2017-11-12T21:43:18" hostname="Manaswis-MacBook-Pro.local" time="0.001">
  <properties/>
  <testcase name="wrongSudokuExpectsSomeTrueInWrongCells" classname="sudoku.BoxCheckerTest" time="0.001"/>
  <testcase name="correctSudokuExpectsAllFalseInWrongCells" classname="sudoku.BoxCheckerTest" time="0.0"/>
  <system-out><![CDATA[27		For		i		0		this.startRowbox		0
29		For		j		0		this.startColumnbox		0
29		For		j		1		this.startColumnbox		0
29		For		j		2		this.startColumnbox		0
27		For		i		1		this.startRowbox		0
29		For		j		0		this.startColumnbox		0
29		For		j		1		this.startColumnbox		0
29		For		j		2		this.startColumnbox		0
27		For		i		2		this.startRowbox		0
29		For		j		0		this.startColumnbox		0
29		For		j		1		this.startColumnbox		0
29		For		j		2		this.startColumnbox		0
27		For		i		0		this.startRowbox		0
29		For		j		0		this.startColumnbox		0
29		For		j		1		this.startColumnbox		0
29		For		j		2		this.startColumnbox		0
27		For		i		1		this.startRowbox		0
29		For		j		0		this.startColumnbox		0
29		For		j		1		this.startColumnbox		0
29		For		j		2		this.startColumnbox		0
27		For		i		2		this.startRowbox		0
29		For		j		0		this.startColumnbox		0
29		For		j		1		this.startColumnbox		0
29		For		j		2		this.startColumnbox		0
]]></system-out>
  <system-err><![CDATA[]]></system-err>
</testsuite>
